


ARM Macro Assembler    Page 1 


    1 00000000         
    2 00000000                 AREA             MYCODE, CODE, READONLY, ALIGN=2
    3 00000000                 IMPORT           DrawBlock
    4 00000000                 IMPORT           DrawShape
    5 00000000                 IMPORT           DelayMs
    6 00000000                 IMPORT           Write_Char
    7 00000000                 IMPORT           Read_Char
    8 00000000                 IMPORT           Setup_GPIOA
    9 00000000                 IMPORT           Setup_GPIOE
   10 00000000                 IMPORT           LCD_Blank
   11 00000000                 IMPORT           LCD_Refresh
   12 00000000                 INCLUDE          Registers.s
    1 00000000         
    2 00000000 400FE000 
                       SYSCTL_BASE
                               EQU              0x400FE000
    3 00000000 400FE608 
                       SYSCTL_RCGCGPIO
                               EQU              0x400FE608
    4 00000000 400FEA08 
                       SYSCTL_PRGPIO
                               EQU              0x400FEA08
    5 00000000 4C4F434B 
                       GPIO_PORTF_UNLOCK
                               EQU              0x4C4F434B
    6 00000000 00000608 
                       RCGCGPIO
                               EQU              0x608
    7 00000000 00000A08 
                       PRGPIO  EQU              0xA08
    8 00000000 00000618 
                       RCGCUART
                               EQU              0x618
    9 00000000 00000A18 
                       PRUART  EQU              0xA18
   10 00000000         
   11 00000000 40004000 
                       GPIO_A_BASE
                               EQU              0x40004000
   12 00000000 40005000 
                       GPIO_B_BASE
                               EQU              0x40005000
   13 00000000 40006000 
                       GPIO_C_BASE
                               EQU              0x40006000
   14 00000000 40007000 
                       GPIO_D_BASE
                               EQU              0x40007000
   15 00000000 40024000 
                       GPIO_E_BASE
                               EQU              0x40024000
   16 00000000 40025000 
                       GPIO_F_BASE
                               EQU              0x40025000
   17 00000000         
   18 00000000 400043FC 
                       GPIO_A_DATA
                               EQU              0x400043FC
   19 00000000 400053FC 



ARM Macro Assembler    Page 2 


                       GPIO_B_DATA
                               EQU              0x400053FC
   20 00000000 400063FC 
                       GPIO_C_DATA
                               EQU              0x400063FC
   21 00000000 400073FC 
                       GPIO_D_DATA
                               EQU              0x400073FC
   22 00000000 400243FC 
                       GPIO_E_DATA
                               EQU              0x400243FC
   23 00000000 400253FC 
                       GPIO_F_DATA
                               EQU              0x400253FC
   24 00000000         
   25 00000000 000003FC 
                       GPIO_DATA
                               EQU              0x3FC
   26 00000000 00000400 
                       GPIO_DIR
                               EQU              0x400
   27 00000000 00000404 
                       GPIO_IS EQU              0x404
   28 00000000 00000408 
                       GPIO_IBE
                               EQU              0x408
   29 00000000 0000040C 
                       GPIO_IEV
                               EQU              0x40C
   30 00000000 00000410 
                       GPIO_IM EQU              0x410
   31 00000000 00000414 
                       GPIO_RIS
                               EQU              0x414
   32 00000000 00000418 
                       GPIO_MIS
                               EQU              0x418
   33 00000000 0000041C 
                       GPIO_ICR
                               EQU              0x41C
   34 00000000 00000420 
                       GPIO_AFSEL
                               EQU              0x420
   35 00000000 00000508 
                       GPIO_DR8R
                               EQU              0x508
   36 00000000 0000050C 
                       GPIO_ODR
                               EQU              0x50C
   37 00000000 00000510 
                       GPIO_PUR
                               EQU              0x510
   38 00000000 00000514 
                       GPIO_PDR
                               EQU              0x514
   39 00000000 0000051C 
                       GPIO_DEN
                               EQU              0x51C
   40 00000000 0000052C 



ARM Macro Assembler    Page 3 


                       GPIO_PCTL
                               EQU              0x52C
   41 00000000 00000524 
                       GPIO_CR EQU              0x524
   42 00000000         
   43 00000000 4000C000 
                       UART0_BASE
                               EQU              0x4000C000
   44 00000000 4000C000 
                       UART0_DR_R
                               EQU              0x4000C000
   45 00000000 4000C018 
                       UART0_FR_R
                               EQU              0x4000C018
   46 00000000 00000024 
                       UART0_IBRD
                               EQU              0x024
   47 00000000 00000028 
                       UART0_FBRD
                               EQU              0x028
   48 00000000 0000002C 
                       UART0_LCRH
                               EQU              0x02C
   49 00000000 00000030 
                       UART0_CTL
                               EQU              0x030
   50 00000000         
   51 00000000         
   52 00000000                 END
   13 00000000                 EXPORT           GPIO_Setup_A
   14 00000000                 EXPORT           GPIO_Setup_E
   15 00000000                 EXPORT           Read_and_Move
   16 00000000         
   17 00000000         GPIO_Setup_A
   18 00000000 B50F            PUSH             {LR, R0-R3}
   19 00000002         ;BL Setup_GPIOA   ; replace this with your function to s
                       etup port A
   20 00000002 483B            LDR              R0, =SYSCTL_RCGCGPIO
   21 00000004 6801            LDR              R1, [R0]
   22 00000006 F041 0101       ORR              R1, #0x1
   23 0000000A 6001            STR              R1, [R0]
   24 0000000C 4839            LDR              R0, = SYSCTL_PRGPIO
   25 0000000E         ClkWaitA
   26 0000000E 6801            LDR              R1, [R0]
   27 00000010 F001 0101       AND              R1, #0x1
   28 00000014 2901            CMP              R1, #0x1
   29 00000016 D1FA            BNE              ClkWaitA
   30 00000018 F04F 030A       MOV              R3, #10
   31 0000001C F7FF FFFE       BL               DelayMs
   32 00000020         
   33 00000020         
   34 00000020 F04F 2040       LDR              R0, =GPIO_A_BASE
   35 00000024 F8D0 1400       LDR              R1, [R0,#GPIO_DIR]
   36 00000028 F041 01E0       ORR              R1, #0xE0
   37 0000002C F8C0 1400       STR              R1, [R0,#GPIO_DIR]
   38 00000030         
   39 00000030 F8D0 1420       LDR              R1, [R0, #GPIO_AFSEL]
   40 00000034 F021 01E0       BIC              R1, #0xE0
   41 00000038 F8C0 1420       STR              R1, [R0, #GPIO_AFSEL]



ARM Macro Assembler    Page 4 


   42 0000003C         
   43 0000003C F8D0 151C       LDR              R1, [R0, #GPIO_DEN]
   44 00000040 F041 01E0       ORR              R1, #0xE0
   45 00000044 F8C0 151C       STR              R1, [R0,#GPIO_DEN]
   46 00000048         
   47 00000048         
   48 00000048 E8BD 400F       POP              {LR, R0-R3}
   49 0000004C 4770            BX               LR
   50 0000004E         
   51 0000004E         GPIO_Setup_E
   52 0000004E B50F            PUSH             {LR, R0-R3}
   53 00000050         ;BL Setup_GPIOE   ; replace this with your function to s
                       etup port E
   54 00000050 4827            LDR              R0, =SYSCTL_RCGCGPIO
   55 00000052 6801            LDR              R1, [R0]
   56 00000054 F041 0110       ORR              R1, #0x10
   57 00000058 6001            STR              R1, [R0]
   58 0000005A 4826            LDR              R0, = SYSCTL_PRGPIO
   59 0000005C         ClkWaitE
   60 0000005C 6801            LDR              R1, [R0]
   61 0000005E F001 0110       AND              R1, #0x10
   62 00000062 2910            CMP              R1, #0x10
   63 00000064 D1FA            BNE              ClkWaitE
   64 00000066 F04F 030A       MOV              R3, #10
   65 0000006A F7FF FFFE       BL               DelayMs
   66 0000006E         
   67 0000006E 4822            LDR              R0, =GPIO_E_BASE
   68 00000070 F8D0 1400       LDR              R1, [R0,#GPIO_DIR]
   69 00000074 F041 0138       ORR              R1, #0x38
   70 00000078 F8C0 1400       STR              R1, [R0,#GPIO_DIR]
   71 0000007C         
   72 0000007C F8D0 1420       LDR              R1, [R0, #GPIO_AFSEL]
   73 00000080 F021 0138       BIC              R1, #0x38
   74 00000084 F8C0 1420       STR              R1, [R0, #GPIO_AFSEL]
   75 00000088         
   76 00000088 F8D0 151C       LDR              R1, [R0, #GPIO_DEN]
   77 0000008C F041 0138       ORR              R1, #0x38
   78 00000090 F8C0 151C       STR              R1, [R0,#GPIO_DEN]
   79 00000094         
   80 00000094         
   81 00000094 E8BD 400F       POP              {LR, R0-R3}
   82 00000098 4770            BX               LR
   83 0000009A         
   84 0000009A         Read_and_Move
   85 0000009A B50F            PUSH             {LR, R0-R3}
   86 0000009C         ; write instructions to complete parts 3-6
   87 0000009C F7FF FFFE       BL               Read_Char
   88 000000A0 2C73            CMP              R4, #'s'
   89 000000A2 D00F            BEQ              AddY
   90 000000A4         
   91 000000A4 2C77            CMP              R4, #'w'
   92 000000A6 D017            BEQ              SubY
   93 000000A8         
   94 000000A8 2C61            CMP              R4, #'a'
   95 000000AA D010            BEQ              SubX
   96 000000AC         
   97 000000AC 2C64            CMP              R4, #'d'
   98 000000AE D004            BEQ              AddX
   99 000000B0         



ARM Macro Assembler    Page 5 


  100 000000B0 2C62            CMP              R4, #'b'
  101 000000B2 D0FF            BEQ              Clear
  102 000000B4         
  103 000000B4         Clear
  104 000000B4         
  105 000000B4 F7FF FFFE       BL               LCD_Blank
  106 000000B8 E017            B                ClearExit
  107 000000BA         
  108 000000BA         AddX
  109 000000BA         ;BL LCD_Blank
  110 000000BA 2D6E            CMP              R5, #110
  111 000000BC DC11            BGT              Exit
  112 000000BE F105 0505       ADD              R5,#5
  113 000000C2 E00E            B                Exit
  114 000000C4         
  115 000000C4         AddY
  116 000000C4         ;BL LCD_Blank
  117 000000C4 2E2D            CMP              R6, #45
  118 000000C6 DC0C            BGT              Exit
  119 000000C8 F106 0605       ADD              R6,#5
  120 000000CC E009            B                Exit
  121 000000CE         
  122 000000CE         SubX
  123 000000CE         ;BL LCD_Blank
  124 000000CE 2D0F            CMP              R5, #15
  125 000000D0 DB07            BLT              Exit
  126 000000D2 F1A5 0505       SUB              R5,#5
  127 000000D6 E004            B                Exit
  128 000000D8         
  129 000000D8         SubY
  130 000000D8         ;BL LCD_Blank
  131 000000D8 2E0F            CMP              R6, #15
  132 000000DA DB02            BLT              Exit
  133 000000DC F1A6 0605       SUB              R6,#5
  134 000000E0 E7FF            B                Exit
  135 000000E2         
  136 000000E2         Exit
  137 000000E2 F7FF FFFE       BL               LCD_Blank
  138 000000E6 F7FF FFFE       BL               DrawShape
  139 000000EA         
  140 000000EA         
  141 000000EA         ClearExit
  142 000000EA         
  143 000000EA E8BD 400F       POP              {LR, R0-R3}
  144 000000EE 4770            BX               LR
  145 000000F0         
  146 000000F0         
  147 000000F0                 ALIGN
  148 000000F0                 END
              400FE608 
              400FEA08 
              40024000 
Command Line: --debug --xref --diag_suppress=9931 --cpu=Cortex-M4.fp --apcs=int
erwork --depend=.\objects\gpio_setup.d -o.\objects\gpio_setup.o -I.\RTE\_Target
_1 -IC:\Keil_v5\ARM\PACK\Keil\TM4C_DFP\1.1.0\Device\Include\TM4C123 -IC:\Keil_v
5\ARM\CMSIS\Include --predefine="__EVAL SETA 1" --predefine="__UVISION_VERSION 
SETA 524" --predefine="TM4C123GH6PM SETA 1" --list=.\listings\gpio_setup.lst gp
io_setup.s



ARM Macro Assembler    Page 1 Alphabetic symbol ordering
Relocatable symbols

AddX 000000BA

Symbol: AddX
   Definitions
      At line 108 in file gpio_setup.s
   Uses
      At line 98 in file gpio_setup.s
Comment: AddX used once
AddY 000000C4

Symbol: AddY
   Definitions
      At line 115 in file gpio_setup.s
   Uses
      At line 89 in file gpio_setup.s
Comment: AddY used once
Clear 000000B4

Symbol: Clear
   Definitions
      At line 103 in file gpio_setup.s
   Uses
      At line 101 in file gpio_setup.s
Comment: Clear used once
ClearExit 000000EA

Symbol: ClearExit
   Definitions
      At line 141 in file gpio_setup.s
   Uses
      At line 106 in file gpio_setup.s
Comment: ClearExit used once
ClkWaitA 0000000E

Symbol: ClkWaitA
   Definitions
      At line 25 in file gpio_setup.s
   Uses
      At line 29 in file gpio_setup.s
Comment: ClkWaitA used once
ClkWaitE 0000005C

Symbol: ClkWaitE
   Definitions
      At line 59 in file gpio_setup.s
   Uses
      At line 63 in file gpio_setup.s
Comment: ClkWaitE used once
Exit 000000E2

Symbol: Exit
   Definitions
      At line 136 in file gpio_setup.s
   Uses
      At line 111 in file gpio_setup.s
      At line 113 in file gpio_setup.s
      At line 118 in file gpio_setup.s
      At line 120 in file gpio_setup.s
      At line 125 in file gpio_setup.s



ARM Macro Assembler    Page 2 Alphabetic symbol ordering
Relocatable symbols

      At line 127 in file gpio_setup.s
      At line 132 in file gpio_setup.s
      At line 134 in file gpio_setup.s

GPIO_Setup_A 00000000

Symbol: GPIO_Setup_A
   Definitions
      At line 17 in file gpio_setup.s
   Uses
      At line 13 in file gpio_setup.s
Comment: GPIO_Setup_A used once
GPIO_Setup_E 0000004E

Symbol: GPIO_Setup_E
   Definitions
      At line 51 in file gpio_setup.s
   Uses
      At line 14 in file gpio_setup.s
Comment: GPIO_Setup_E used once
MYCODE 00000000

Symbol: MYCODE
   Definitions
      At line 2 in file gpio_setup.s
   Uses
      None
Comment: MYCODE unused
Read_and_Move 0000009A

Symbol: Read_and_Move
   Definitions
      At line 84 in file gpio_setup.s
   Uses
      At line 15 in file gpio_setup.s
Comment: Read_and_Move used once
SubX 000000CE

Symbol: SubX
   Definitions
      At line 122 in file gpio_setup.s
   Uses
      At line 95 in file gpio_setup.s
Comment: SubX used once
SubY 000000D8

Symbol: SubY
   Definitions
      At line 129 in file gpio_setup.s
   Uses
      At line 92 in file gpio_setup.s
Comment: SubY used once
13 symbols



ARM Macro Assembler    Page 1 Alphabetic symbol ordering
Absolute symbols

GPIO_AFSEL 00000420

Symbol: GPIO_AFSEL
   Definitions
      At line 34 in file Registers.s
   Uses
      At line 39 in file gpio_setup.s
      At line 41 in file gpio_setup.s
      At line 72 in file gpio_setup.s
      At line 74 in file gpio_setup.s

GPIO_A_BASE 40004000

Symbol: GPIO_A_BASE
   Definitions
      At line 11 in file Registers.s
   Uses
      At line 34 in file gpio_setup.s
Comment: GPIO_A_BASE used once
GPIO_A_DATA 400043FC

Symbol: GPIO_A_DATA
   Definitions
      At line 18 in file Registers.s
   Uses
      None
Comment: GPIO_A_DATA unused
GPIO_B_BASE 40005000

Symbol: GPIO_B_BASE
   Definitions
      At line 12 in file Registers.s
   Uses
      None
Comment: GPIO_B_BASE unused
GPIO_B_DATA 400053FC

Symbol: GPIO_B_DATA
   Definitions
      At line 19 in file Registers.s
   Uses
      None
Comment: GPIO_B_DATA unused
GPIO_CR 00000524

Symbol: GPIO_CR
   Definitions
      At line 41 in file Registers.s
   Uses
      None
Comment: GPIO_CR unused
GPIO_C_BASE 40006000

Symbol: GPIO_C_BASE
   Definitions
      At line 13 in file Registers.s
   Uses
      None
Comment: GPIO_C_BASE unused



ARM Macro Assembler    Page 2 Alphabetic symbol ordering
Absolute symbols

GPIO_C_DATA 400063FC

Symbol: GPIO_C_DATA
   Definitions
      At line 20 in file Registers.s
   Uses
      None
Comment: GPIO_C_DATA unused
GPIO_DATA 000003FC

Symbol: GPIO_DATA
   Definitions
      At line 25 in file Registers.s
   Uses
      None
Comment: GPIO_DATA unused
GPIO_DEN 0000051C

Symbol: GPIO_DEN
   Definitions
      At line 39 in file Registers.s
   Uses
      At line 43 in file gpio_setup.s
      At line 45 in file gpio_setup.s
      At line 76 in file gpio_setup.s
      At line 78 in file gpio_setup.s

GPIO_DIR 00000400

Symbol: GPIO_DIR
   Definitions
      At line 26 in file Registers.s
   Uses
      At line 35 in file gpio_setup.s
      At line 37 in file gpio_setup.s
      At line 68 in file gpio_setup.s
      At line 70 in file gpio_setup.s

GPIO_DR8R 00000508

Symbol: GPIO_DR8R
   Definitions
      At line 35 in file Registers.s
   Uses
      None
Comment: GPIO_DR8R unused
GPIO_D_BASE 40007000

Symbol: GPIO_D_BASE
   Definitions
      At line 14 in file Registers.s
   Uses
      None
Comment: GPIO_D_BASE unused
GPIO_D_DATA 400073FC

Symbol: GPIO_D_DATA
   Definitions
      At line 21 in file Registers.s



ARM Macro Assembler    Page 3 Alphabetic symbol ordering
Absolute symbols

   Uses
      None
Comment: GPIO_D_DATA unused
GPIO_E_BASE 40024000

Symbol: GPIO_E_BASE
   Definitions
      At line 15 in file Registers.s
   Uses
      At line 67 in file gpio_setup.s
Comment: GPIO_E_BASE used once
GPIO_E_DATA 400243FC

Symbol: GPIO_E_DATA
   Definitions
      At line 22 in file Registers.s
   Uses
      None
Comment: GPIO_E_DATA unused
GPIO_F_BASE 40025000

Symbol: GPIO_F_BASE
   Definitions
      At line 16 in file Registers.s
   Uses
      None
Comment: GPIO_F_BASE unused
GPIO_F_DATA 400253FC

Symbol: GPIO_F_DATA
   Definitions
      At line 23 in file Registers.s
   Uses
      None
Comment: GPIO_F_DATA unused
GPIO_IBE 00000408

Symbol: GPIO_IBE
   Definitions
      At line 28 in file Registers.s
   Uses
      None
Comment: GPIO_IBE unused
GPIO_ICR 0000041C

Symbol: GPIO_ICR
   Definitions
      At line 33 in file Registers.s
   Uses
      None
Comment: GPIO_ICR unused
GPIO_IEV 0000040C

Symbol: GPIO_IEV
   Definitions
      At line 29 in file Registers.s
   Uses
      None
Comment: GPIO_IEV unused



ARM Macro Assembler    Page 4 Alphabetic symbol ordering
Absolute symbols

GPIO_IM 00000410

Symbol: GPIO_IM
   Definitions
      At line 30 in file Registers.s
   Uses
      None
Comment: GPIO_IM unused
GPIO_IS 00000404

Symbol: GPIO_IS
   Definitions
      At line 27 in file Registers.s
   Uses
      None
Comment: GPIO_IS unused
GPIO_MIS 00000418

Symbol: GPIO_MIS
   Definitions
      At line 32 in file Registers.s
   Uses
      None
Comment: GPIO_MIS unused
GPIO_ODR 0000050C

Symbol: GPIO_ODR
   Definitions
      At line 36 in file Registers.s
   Uses
      None
Comment: GPIO_ODR unused
GPIO_PCTL 0000052C

Symbol: GPIO_PCTL
   Definitions
      At line 40 in file Registers.s
   Uses
      None
Comment: GPIO_PCTL unused
GPIO_PDR 00000514

Symbol: GPIO_PDR
   Definitions
      At line 38 in file Registers.s
   Uses
      None
Comment: GPIO_PDR unused
GPIO_PORTF_UNLOCK 4C4F434B

Symbol: GPIO_PORTF_UNLOCK
   Definitions
      At line 5 in file Registers.s
   Uses
      None
Comment: GPIO_PORTF_UNLOCK unused
GPIO_PUR 00000510

Symbol: GPIO_PUR



ARM Macro Assembler    Page 5 Alphabetic symbol ordering
Absolute symbols

   Definitions
      At line 37 in file Registers.s
   Uses
      None
Comment: GPIO_PUR unused
GPIO_RIS 00000414

Symbol: GPIO_RIS
   Definitions
      At line 31 in file Registers.s
   Uses
      None
Comment: GPIO_RIS unused
PRGPIO 00000A08

Symbol: PRGPIO
   Definitions
      At line 7 in file Registers.s
   Uses
      None
Comment: PRGPIO unused
PRUART 00000A18

Symbol: PRUART
   Definitions
      At line 9 in file Registers.s
   Uses
      None
Comment: PRUART unused
RCGCGPIO 00000608

Symbol: RCGCGPIO
   Definitions
      At line 6 in file Registers.s
   Uses
      None
Comment: RCGCGPIO unused
RCGCUART 00000618

Symbol: RCGCUART
   Definitions
      At line 8 in file Registers.s
   Uses
      None
Comment: RCGCUART unused
SYSCTL_BASE 400FE000

Symbol: SYSCTL_BASE
   Definitions
      At line 2 in file Registers.s
   Uses
      None
Comment: SYSCTL_BASE unused
SYSCTL_PRGPIO 400FEA08

Symbol: SYSCTL_PRGPIO
   Definitions
      At line 4 in file Registers.s
   Uses



ARM Macro Assembler    Page 6 Alphabetic symbol ordering
Absolute symbols

      At line 24 in file gpio_setup.s
      At line 58 in file gpio_setup.s

SYSCTL_RCGCGPIO 400FE608

Symbol: SYSCTL_RCGCGPIO
   Definitions
      At line 3 in file Registers.s
   Uses
      At line 20 in file gpio_setup.s
      At line 54 in file gpio_setup.s

UART0_BASE 4000C000

Symbol: UART0_BASE
   Definitions
      At line 43 in file Registers.s
   Uses
      None
Comment: UART0_BASE unused
UART0_CTL 00000030

Symbol: UART0_CTL
   Definitions
      At line 49 in file Registers.s
   Uses
      None
Comment: UART0_CTL unused
UART0_DR_R 4000C000

Symbol: UART0_DR_R
   Definitions
      At line 44 in file Registers.s
   Uses
      None
Comment: UART0_DR_R unused
UART0_FBRD 00000028

Symbol: UART0_FBRD
   Definitions
      At line 47 in file Registers.s
   Uses
      None
Comment: UART0_FBRD unused
UART0_FR_R 4000C018

Symbol: UART0_FR_R
   Definitions
      At line 45 in file Registers.s
   Uses
      None
Comment: UART0_FR_R unused
UART0_IBRD 00000024

Symbol: UART0_IBRD
   Definitions
      At line 46 in file Registers.s
   Uses
      None



ARM Macro Assembler    Page 7 Alphabetic symbol ordering
Absolute symbols

Comment: UART0_IBRD unused
UART0_LCRH 0000002C

Symbol: UART0_LCRH
   Definitions
      At line 48 in file Registers.s
   Uses
      None
Comment: UART0_LCRH unused
44 symbols



ARM Macro Assembler    Page 1 Alphabetic symbol ordering
External symbols

DelayMs 00000000

Symbol: DelayMs
   Definitions
      At line 5 in file gpio_setup.s
   Uses
      At line 31 in file gpio_setup.s
      At line 65 in file gpio_setup.s

DrawBlock 00000000

Symbol: DrawBlock
   Definitions
      At line 3 in file gpio_setup.s
   Uses
      None
Comment: DrawBlock unused
DrawShape 00000000

Symbol: DrawShape
   Definitions
      At line 4 in file gpio_setup.s
   Uses
      At line 138 in file gpio_setup.s
Comment: DrawShape used once
LCD_Blank 00000000

Symbol: LCD_Blank
   Definitions
      At line 10 in file gpio_setup.s
   Uses
      At line 105 in file gpio_setup.s
      At line 137 in file gpio_setup.s

LCD_Refresh 00000000

Symbol: LCD_Refresh
   Definitions
      At line 11 in file gpio_setup.s
   Uses
      None
Comment: LCD_Refresh unused
Read_Char 00000000

Symbol: Read_Char
   Definitions
      At line 7 in file gpio_setup.s
   Uses
      At line 87 in file gpio_setup.s
Comment: Read_Char used once
Setup_GPIOA 00000000

Symbol: Setup_GPIOA
   Definitions
      At line 8 in file gpio_setup.s
   Uses
      None
Comment: Setup_GPIOA unused
Setup_GPIOE 00000000



ARM Macro Assembler    Page 2 Alphabetic symbol ordering
External symbols


Symbol: Setup_GPIOE
   Definitions
      At line 9 in file gpio_setup.s
   Uses
      None
Comment: Setup_GPIOE unused
Write_Char 00000000

Symbol: Write_Char
   Definitions
      At line 6 in file gpio_setup.s
   Uses
      None
Comment: Write_Char unused
9 symbols
402 symbols in table
